INFO:2025-03-24 10:09:47,384:MainThread:Dhan.py  started system
INFO:2025-03-24 10:09:47,385:MainThread:STARTED THE PROGRAM
ERROR:2025-03-24 10:13:28,178:MainThread:Exception in Getting OHLC data as {'status': 'failure', 'remarks': {'error_code': 'DH-905', 'error_type': 'Input_Exception', 'error_message': 'System is unable to fetch data due to incorrect parameters or no data present'}, 'data': {'errorType': 'Input_Exception', 'errorCode': 'DH-905', 'errorMessage': 'System is unable to fetch data due to incorrect parameters or no data present'}}
Traceback (most recent call last):
  File "C:\Users\vsfjg\Desktop\Trading\Live_Algo\Inside Candle Algo\Dhan_Tradehull_V2.py", line 561, in get_intraday_data
    raise Exception(ohlc)
Exception: {'status': 'failure', 'remarks': {'error_code': 'DH-905', 'error_type': 'Input_Exception', 'error_message': 'System is unable to fetch data due to incorrect parameters or no data present'}, 'data': {'errorType': 'Input_Exception', 'errorCode': 'DH-905', 'errorMessage': 'System is unable to fetch data due to incorrect parameters or no data present'}}
INFO:2025-03-24 10:14:45,149:MainThread:Dhan.py  started system
INFO:2025-03-24 10:14:45,149:MainThread:STARTED THE PROGRAM
ERROR:2025-03-24 10:18:16,204:MainThread:Exception in Getting OHLC data as {'status': 'failure', 'remarks': {'error_code': 'DH-905', 'error_type': 'Input_Exception', 'error_message': 'System is unable to fetch data due to incorrect parameters or no data present'}, 'data': {'errorType': 'Input_Exception', 'errorCode': 'DH-905', 'errorMessage': 'System is unable to fetch data due to incorrect parameters or no data present'}}
Traceback (most recent call last):
  File "C:\Users\vsfjg\Desktop\Trading\Live_Algo\Inside Candle Algo\Dhan_Tradehull_V2.py", line 561, in get_intraday_data
    raise Exception(ohlc)
Exception: {'status': 'failure', 'remarks': {'error_code': 'DH-905', 'error_type': 'Input_Exception', 'error_message': 'System is unable to fetch data due to incorrect parameters or no data present'}, 'data': {'errorType': 'Input_Exception', 'errorCode': 'DH-905', 'errorMessage': 'System is unable to fetch data due to incorrect parameters or no data present'}}
ERROR:2025-03-24 10:24:49,179:MainThread:Exception in Getting OHLC data as {'status': 'failure', 'remarks': {'error_code': 'DH-905', 'error_type': 'Input_Exception', 'error_message': 'System is unable to fetch data due to incorrect parameters or no data present'}, 'data': {'errorType': 'Input_Exception', 'errorCode': 'DH-905', 'errorMessage': 'System is unable to fetch data due to incorrect parameters or no data present'}}
Traceback (most recent call last):
  File "C:\Users\vsfjg\Desktop\Trading\Live_Algo\Inside Candle Algo\Dhan_Tradehull_V2.py", line 561, in get_intraday_data
    raise Exception(ohlc)
Exception: {'status': 'failure', 'remarks': {'error_code': 'DH-905', 'error_type': 'Input_Exception', 'error_message': 'System is unable to fetch data due to incorrect parameters or no data present'}, 'data': {'errorType': 'Input_Exception', 'errorCode': 'DH-905', 'errorMessage': 'System is unable to fetch data due to incorrect parameters or no data present'}}
INFO:2025-03-24 10:54:58,388:MainThread:Dhan.py  started system
INFO:2025-03-24 10:54:58,388:MainThread:STARTED THE PROGRAM
INFO:2025-03-24 11:01:54,325:MainThread:Dhan.py  started system
INFO:2025-03-24 11:01:54,325:MainThread:STARTED THE PROGRAM
INFO:2025-03-24 12:15:53,819:MainThread:Dhan.py  started system
INFO:2025-03-24 12:15:53,820:MainThread:STARTED THE PROGRAM
INFO:2025-03-24 12:30:33,123:MainThread:Dhan.py  started system
INFO:2025-03-24 12:30:33,124:MainThread:STARTED THE PROGRAM
ERROR:2025-03-24 12:34:01,394:MainThread:Exception in Getting OHLC data as {'status': 'failure', 'remarks': {'error_code': 'DH-905', 'error_type': 'Input_Exception', 'error_message': 'System is unable to fetch data due to incorrect parameters or no data present'}, 'data': {'errorType': 'Input_Exception', 'errorCode': 'DH-905', 'errorMessage': 'System is unable to fetch data due to incorrect parameters or no data present'}}
Traceback (most recent call last):
  File "C:\Users\vsfjg\Desktop\Trading\Live_Algo\Inside Candle Algo\Dhan_Tradehull_V2.py", line 561, in get_intraday_data
    raise Exception(ohlc)
Exception: {'status': 'failure', 'remarks': {'error_code': 'DH-905', 'error_type': 'Input_Exception', 'error_message': 'System is unable to fetch data due to incorrect parameters or no data present'}, 'data': {'errorType': 'Input_Exception', 'errorCode': 'DH-905', 'errorMessage': 'System is unable to fetch data due to incorrect parameters or no data present'}}
ERROR:2025-03-24 12:40:32,323:MainThread:Exception in Getting OHLC data as {'status': 'failure', 'remarks': {'error_code': 'DH-905', 'error_type': 'Input_Exception', 'error_message': 'System is unable to fetch data due to incorrect parameters or no data present'}, 'data': {'errorType': 'Input_Exception', 'errorCode': 'DH-905', 'errorMessage': 'System is unable to fetch data due to incorrect parameters or no data present'}}
Traceback (most recent call last):
  File "C:\Users\vsfjg\Desktop\Trading\Live_Algo\Inside Candle Algo\Dhan_Tradehull_V2.py", line 561, in get_intraday_data
    raise Exception(ohlc)
Exception: {'status': 'failure', 'remarks': {'error_code': 'DH-905', 'error_type': 'Input_Exception', 'error_message': 'System is unable to fetch data due to incorrect parameters or no data present'}, 'data': {'errorType': 'Input_Exception', 'errorCode': 'DH-905', 'errorMessage': 'System is unable to fetch data due to incorrect parameters or no data present'}}
ERROR:2025-03-24 12:50:53,126:MainThread:Exception in dhanhq>>intraday_minute_data: ('Connection aborted.', ConnectionResetError(10054, 'An existing connection was forcibly closed by the remote host', None, 10054, None))
ERROR:2025-03-24 12:50:53,255:MainThread:Exception in Getting OHLC data as {'status': 'failure', 'remarks': "('Connection aborted.', ConnectionResetError(10054, 'An existing connection was forcibly closed by the remote host', None, 10054, None))", 'data': ''}
Traceback (most recent call last):
  File "C:\Users\vsfjg\Desktop\Trading\Live_Algo\Inside Candle Algo\Dhan_Tradehull_V2.py", line 561, in get_intraday_data
    raise Exception(ohlc)
Exception: {'status': 'failure', 'remarks': "('Connection aborted.', ConnectionResetError(10054, 'An existing connection was forcibly closed by the remote host', None, 10054, None))", 'data': ''}
ERROR:2025-03-24 12:52:12,757:MainThread:Exception in Getting OHLC data as {'status': 'failure', 'remarks': {'error_code': 'DH-905', 'error_type': 'Input_Exception', 'error_message': 'System is unable to fetch data due to incorrect parameters or no data present'}, 'data': {'errorType': 'Input_Exception', 'errorCode': 'DH-905', 'errorMessage': 'System is unable to fetch data due to incorrect parameters or no data present'}}
Traceback (most recent call last):
  File "C:\Users\vsfjg\Desktop\Trading\Live_Algo\Inside Candle Algo\Dhan_Tradehull_V2.py", line 561, in get_intraday_data
    raise Exception(ohlc)
Exception: {'status': 'failure', 'remarks': {'error_code': 'DH-905', 'error_type': 'Input_Exception', 'error_message': 'System is unable to fetch data due to incorrect parameters or no data present'}, 'data': {'errorType': 'Input_Exception', 'errorCode': 'DH-905', 'errorMessage': 'System is unable to fetch data due to incorrect parameters or no data present'}}
ERROR:2025-03-24 12:58:53,799:MainThread:Exception in Getting OHLC data as {'status': 'failure', 'remarks': {'error_code': 'DH-905', 'error_type': 'Input_Exception', 'error_message': 'System is unable to fetch data due to incorrect parameters or no data present'}, 'data': {'errorType': 'Input_Exception', 'errorCode': 'DH-905', 'errorMessage': 'System is unable to fetch data due to incorrect parameters or no data present'}}
Traceback (most recent call last):
  File "C:\Users\vsfjg\Desktop\Trading\Live_Algo\Inside Candle Algo\Dhan_Tradehull_V2.py", line 561, in get_intraday_data
    raise Exception(ohlc)
Exception: {'status': 'failure', 'remarks': {'error_code': 'DH-905', 'error_type': 'Input_Exception', 'error_message': 'System is unable to fetch data due to incorrect parameters or no data present'}, 'data': {'errorType': 'Input_Exception', 'errorCode': 'DH-905', 'errorMessage': 'System is unable to fetch data due to incorrect parameters or no data present'}}
INFO:2025-03-24 13:09:15,353:MainThread:Dhan.py  started system
INFO:2025-03-24 13:09:15,353:MainThread:STARTED THE PROGRAM
ERROR:2025-03-24 13:12:49,630:MainThread:Exception in Getting OHLC data as {'status': 'failure', 'remarks': {'error_code': 'DH-905', 'error_type': 'Input_Exception', 'error_message': 'System is unable to fetch data due to incorrect parameters or no data present'}, 'data': {'errorType': 'Input_Exception', 'errorCode': 'DH-905', 'errorMessage': 'System is unable to fetch data due to incorrect parameters or no data present'}}
Traceback (most recent call last):
  File "C:\Users\vsfjg\Desktop\Trading\Live_Algo\Inside Candle Algo\Dhan_Tradehull_V2.py", line 561, in get_intraday_data
    raise Exception(ohlc)
Exception: {'status': 'failure', 'remarks': {'error_code': 'DH-905', 'error_type': 'Input_Exception', 'error_message': 'System is unable to fetch data due to incorrect parameters or no data present'}, 'data': {'errorType': 'Input_Exception', 'errorCode': 'DH-905', 'errorMessage': 'System is unable to fetch data due to incorrect parameters or no data present'}}
INFO:2025-03-24 13:19:29,342:MainThread:Dhan.py  started system
INFO:2025-03-24 13:19:29,342:MainThread:STARTED THE PROGRAM
INFO:2025-03-24 13:21:27,193:MainThread:Dhan.py  started system
INFO:2025-03-24 13:21:27,193:MainThread:STARTED THE PROGRAM
ERROR:2025-03-24 13:24:59,242:MainThread:Exception in Getting OHLC data as {'status': 'failure', 'remarks': {'error_code': 'DH-905', 'error_type': 'Input_Exception', 'error_message': 'System is unable to fetch data due to incorrect parameters or no data present'}, 'data': {'errorType': 'Input_Exception', 'errorCode': 'DH-905', 'errorMessage': 'System is unable to fetch data due to incorrect parameters or no data present'}}
Traceback (most recent call last):
  File "C:\Users\vsfjg\Desktop\Trading\Live_Algo\Inside Candle Algo\Dhan_Tradehull_V2.py", line 561, in get_intraday_data
    raise Exception(ohlc)
Exception: {'status': 'failure', 'remarks': {'error_code': 'DH-905', 'error_type': 'Input_Exception', 'error_message': 'System is unable to fetch data due to incorrect parameters or no data present'}, 'data': {'errorType': 'Input_Exception', 'errorCode': 'DH-905', 'errorMessage': 'System is unable to fetch data due to incorrect parameters or no data present'}}
INFO:2025-03-24 13:26:16,998:MainThread:Dhan.py  started system
INFO:2025-03-24 13:26:16,999:MainThread:STARTED THE PROGRAM
